C251 COMPILER V5.60.0,  isr                                                                14/03/22  14:46:06  PAGE 1   


C251 COMPILER V5.60.0, COMPILATION OF MODULE isr
OBJECT MODULE PLACED IN .\Output\isr.obj
COMPILER INVOKED BY: C:\Keil_v5\C251\BIN\C251.EXE Code\isr.c XSMALL INTR2 WARNINGLEVEL(3) BROWSE INCDIR(.\Code;.\Lib\lib
                    -raries;.\Lib\seekfree_libraries;.\Lib\seekfree_peripheral;.\User) DEFINE(USE_8701E) DEBUG PRINT(.\Output\isr.lst) OBJECT
                    -(.\Output\isr.obj) 

stmt  level    source

    1          ///******************************************************************************************************
             -***************
    2          // * COPYRIGHT NOTICE
    3          // * Copyright (c) 2020,逐飞科技
    4          // * All rights reserved.
    5          // * 技术讨论QQ群：一群：179029047(已满)  二群：244861897(已满)  三群：824575535
    6          // *
    7          // * 以下所有内容版权均属逐飞科技所有，未经允许不得用于商业用途，
    8          // * 欢迎各位使用并传播本程序，修改内容时必须保留逐飞科技的版权声明。
    9          // *
   10          // * @file                      isr
   11          // * @company                   成都逐飞科技有限公司
   12          // * @author                    逐飞科技(QQ790875685)
   13          // * @version                   查看doc内version文件 版本说明
   14          // * @Software                  MDK FOR C251 V5.60
   15          // * @Target core               STC16F40K128
   16          // * @Taobao                    https://seekfree.taobao.com/
   17          // * @date                      2020-4-14
   18          // ******************************************************************************************************
             -**************/
   19          #include "headfile.h"
   20          #include "aa_all_cfg.h"
   21          
   22          //UART1中断
   23          void UART1_Isr() interrupt 4
   24          {
   25   1          uint8 res;
   26   1          static uint8 dwon_count;
   27   1          if (UART1_GET_TX_FLAG)
   28   1          {
   29   2              UART1_CLEAR_TX_FLAG;
   30   2              busy[1] = 0;
   31   2          }
   32   1          if (UART1_GET_RX_FLAG)
   33   1          {
   34   2              UART1_CLEAR_RX_FLAG;
   35   2              res = SBUF;
   36   2              //程序自动下载
   37   2              if (res == 0x7F)
   38   2              {
   39   3                  if (dwon_count++ > 20)
   40   3                      IAP_CONTR = 0x60;
   41   3              }
   42   2              else
   43   2              {
   44   3                  dwon_count = 0;
   45   3              }
   46   2          }
   47   1      }
   48          
   49          //UART2中断
   50          void UART2_Isr() interrupt 8
   51          {
   52   1          if (UART2_GET_TX_FLAG)
   53   1          {
   54   2              UART2_CLEAR_TX_FLAG;
   55   2              busy[2] = 0;
C251 COMPILER V5.60.0,  isr                                                                14/03/22  14:46:06  PAGE 2   

   56   2          }
   57   1          if (UART2_GET_RX_FLAG)
   58   1          {
   59   2              UART2_CLEAR_RX_FLAG;
   60   2              //接收数据寄存器为：S2BUF
   61   2          }
   62   1      }
   63          
   64          //UART3中断
   65          void UART3_Isr() interrupt 17
   66          {
   67   1          if (UART3_GET_TX_FLAG)
   68   1          {
   69   2              UART3_CLEAR_TX_FLAG;
   70   2              busy[3] = 0;
   71   2          }
   72   1          if (UART3_GET_RX_FLAG)
   73   1          {
   74   2              UART3_CLEAR_RX_FLAG;
   75   2              //接收数据寄存器为：S3BUF
   76   2          }
   77   1      }
   78          
   79          //UART4中断
   80          void UART4_Isr() interrupt 18
   81          {
   82   1          if (UART4_GET_TX_FLAG)
   83   1          {
   84   2              UART4_CLEAR_TX_FLAG;
   85   2              busy[4] = 0;
   86   2          }
   87   1          if (UART4_GET_RX_FLAG)
   88   1          {
   89   2              UART4_CLEAR_RX_FLAG;
   90   2      
   91   2              //接收数据寄存器为：S4BUF;
   92   2              if (wireless_type == WIRELESS_SI24R1)
   93   2              {
   94   3                  wireless_uart_callback(); //无线转串口回调函数
   95   3              }
   96   2              else if (wireless_type == WIRELESS_CH9141)
   97   2              {
   98   3                  bluetooth_ch9141_uart_callback(); //蓝牙转串口回调函数
   99   3              }
  100   2          }
  101   1      }
  102          
  103          #define LED P52
  104          void INT0_Isr() interrupt 0
  105          {
  106   1          LED = 0; //点亮LED
  107   1      }
  108          void INT1_Isr() interrupt 2
  109          {
  110   1      }
  111          void INT2_Isr() interrupt 10
  112          {
  113   1          INT2_CLEAR_FLAG; //清除中断标志
  114   1      }
  115          void INT3_Isr() interrupt 11
  116          {
  117   1          INT3_CLEAR_FLAG; //清除中断标志
  118   1      }
  119          
  120          void INT4_Isr() interrupt 16
  121          {
C251 COMPILER V5.60.0,  isr                                                                14/03/22  14:46:06  PAGE 3   

  122   1          INT4_CLEAR_FLAG; //清除中断标志
  123   1      }
  124          
  125          void TM0_Isr() interrupt 1
  126          {
  127   1      }
  128          extern volatile bit drvFlag;
  129          void TM1_Isr() interrupt 3
  130          {
  131   1          drvFlag=1;
  132   1      }
  133          void TM2_Isr() interrupt 12
  134          {
  135   1          TIM2_CLEAR_FLAG; //清除中断标志
  136   1      }
  137          
  138          void TM3_Isr() interrupt 19
  139          {
  140   1      
  141   1          TIM3_CLEAR_FLAG; //清除中断标志
  142   1      }
  143          extern volatile timeDataType misc_tick;
  144          void TM4_Isr() interrupt 20
  145          {
  146   1          misc_tick++;
  147   1          TIM4_CLEAR_FLAG; //清除中断标志
  148   1      }
  149          
  150          //void  INT0_Isr()  interrupt 0;
  151          //void  TM0_Isr()   interrupt 1;
  152          //void  INT1_Isr()  interrupt 2;
  153          //void  TM1_Isr()   interrupt 3;
  154          //void  UART1_Isr() interrupt 4;
  155          //void  ADC_Isr()   interrupt 5;
  156          //void  LVD_Isr()   interrupt 6;
  157          //void  PCA_Isr()   interrupt 7;
  158          //void  UART2_Isr() interrupt 8;
  159          //void  SPI_Isr()   interrupt 9;
  160          //void  INT2_Isr()  interrupt 10;
  161          //void  INT3_Isr()  interrupt 11;
  162          //void  TM2_Isr()   interrupt 12;
  163          //void  INT4_Isr()  interrupt 16;
  164          //void  UART3_Isr() interrupt 17;
  165          //void  UART4_Isr() interrupt 18;
  166          //void  TM3_Isr()   interrupt 19;
  167          //void  TM4_Isr()   interrupt 20;
  168          //void  CMP_Isr()   interrupt 21;
  169          //void  I2C_Isr()   interrupt 24;
  170          //void  USB_Isr()   interrupt 25;
  171          //void  PWM1_Isr()  interrupt 26;
  172          //void  PWM2_Isr()  interrupt 27;


Module Information          Static   Overlayable
------------------------------------------------
  code size            =       331     ------
  ecode size           =    ------     ------
  data size            =    ------     ------
  idata size           =    ------     ------
  pdata size           =    ------     ------
  xdata size           =    ------     ------
  xdata-const size     =    ------     ------
  edata size           =         1     ------
  bit size             =    ------     ------
  ebit size            =    ------     ------
  bitaddressable size  =    ------     ------
  ebitaddressable size =    ------     ------
C251 COMPILER V5.60.0,  isr                                                                14/03/22  14:46:06  PAGE 4   

  far data size        =    ------     ------
  huge data size       =    ------     ------
  const size           =    ------     ------
  hconst size          =    ------     ------
End of Module Information.


C251 COMPILATION COMPLETE.  0 WARNING(S),  0 ERROR(S)
