C251 COMPILER V5.60.0,  SEEKFREE_WIRELESS                                                  14/03/22  14:44:40  PAGE 1   


C251 COMPILER V5.60.0, COMPILATION OF MODULE SEEKFREE_WIRELESS
OBJECT MODULE PLACED IN .\Output\SEEKFREE_WIRELESS.obj
COMPILER INVOKED BY: C:\Keil_v5\C251\BIN\C251.EXE Lib\seekfree_peripheral\SEEKFREE_WIRELESS.c XSMALL INTR2 WARNINGLEVEL(
                    -3) BROWSE INCDIR(.\Code;.\Lib\libraries;.\Lib\seekfree_libraries;.\Lib\seekfree_peripheral;.\User) DEFINE(USE_8701E) DEB
                    -UG PRINT(.\Output\SEEKFREE_WIRELESS.lst) OBJECT(.\Output\SEEKFREE_WIRELESS.obj) 

stmt  level    source

    1          /********************************************************************************************************
             -*************
    2           * COPYRIGHT NOTICE
    3           * Copyright (c) 2018,é€é£ç§‘æŠ€
    4           * All rights reserved.
    5           * æŠ€æœ¯è®¨è®ºQQç¾¤ï¼šä¸€ç¾¤ï¼š179029047(å·²æ»¡)  äºŒç¾¤ï¼š244861897
    6           *
    7           * ä»¥ä¸‹æ‰€æœ‰å†…å®¹ç‰ˆæƒå‡å±é€é£ç§‘æŠ€æ‰€æœ‰ï¼Œæœªç»å…è®¸ä¸å¾—ç”¨äºå•†ä¸šç”¨é€”ï¼Œ
    8           * æ¬¢è¿å„ä½ä½¿ç”¨å¹¶ä¼ æ’­æœ¬ç¨‹åºï¼Œä¿®æ”¹å†…å®¹æ—¶å¿…é¡»ä¿ç•™é€é£ç§‘æŠ€çš„ç‰ˆæƒå£°æ˜ã€‚
    9           *
   10           * @file                é€é£ç§‘æŠ€æ— çº¿è½¬ä¸²å£æ¨¡å—
   11           * @company                     æˆéƒ½é€é£ç§‘æŠ€æœ‰é™å…¬å¸
   12           * @author              é€é£ç§‘æŠ€(QQ3184284598)
   13           * @version             æŸ¥çœ‹docå†…versionæ–‡ä»¶ ç‰ˆæœ¬è¯´æ˜
   14           * @Software            MDK FOR C251 V5.60
   15           * @Taobao              https://seekfree.taobao.com/
   16           * @date                2019-03-27
   17           * @note                
   18                                                  æ¥çº¿å®šä¹‰ï¼š
   19                                                  ------------------------------------ 
   20                                                      æ— çº¿è½¬ä¸²å£       å•ç‰‡æœº                        
   21                                                  RX              æŸ¥çœ‹SEEKFREE_WIRELESS.hæ–‡ä»¶ä¸­çš„WIRELESS_UART_TXå®å®šä¹‰
   22                                                  TX              æŸ¥çœ‹SEEKFREE_WIRELESS.hæ–‡ä»¶ä¸­çš„WIRELESS_UART_RXå®å®šä¹‰
   23                                                  RTS             æŸ¥çœ‹SEEKFREE_WIRELESS.hæ–‡ä»¶ä¸­çš„RTS_PINå®å®šä¹‰
   24                                                  CMD             æŸ¥çœ‹SEEKFREE_WIRELESS.hæ–‡ä»¶ä¸­çš„CMD_PINå®å®šä¹‰
   25                                                  ------------------------------------ 
   26           ********************************************************************************************************
             -************/
   27          
   28          
   29          #include "SEEKFREE_WIRELESS.h"
   30          #include "zf_uart.h"
   31          
   32          
   33          
   34          //-------------------------------------------------------------------------------------------------------
             -------------
   35          //  @brief      æ— çº¿è½¬ä¸²å£æ¨¡å—å›è°ƒå‡½æ•°
   36          //  @param      NULL
   37          //  @return     void                                    
   38          //  @since      v1.0
   39          //  Sample usage:       
   40          //  @note       
   41          //-------------------------------------------------------------------------------------------------------
             -------------
   42          void wireless_uart_callback(void)
   43          {
   44   1              uint8 wireless_rx_buffer = WIRELESS_DATA_BUF;
   45   1              //æ¥åˆ°ä¸€ä¸ªå­—èŠ‚åå•ç‰‡æœºå°†ä¼šè¿›å…¥ä¸²å£ä¸­æ–­ï¼Œé€šè¿‡åœ¨æ­¤å¤„è¯»å–wireless_rx_bufferå¯ä»¥
             -å–èµ°æ•°æ®
   46   1      }
   47          
   48          
   49          
   50          
   51          //-------------------------------------------------------------------------------------------------------
             -------------
C251 COMPILER V5.60.0,  SEEKFREE_WIRELESS                                                  14/03/22  14:44:40  PAGE 2   

   52          //  @brief      æ— çº¿è½¬ä¸²å£æ¨¡å—åˆå§‹åŒ–
   53          //  @param      NULL
   54          //  @return     void                                    
   55          //  @since      v1.0
   56          //  Sample usage:       
   57          //  @note       
   58          //-------------------------------------------------------------------------------------------------------
             -------------
   59          void seekfree_wireless_init(void)
   60          {
   61   1          wireless_type = WIRELESS_SI24R1;
   62   1          //æœ¬å‡½æ•°ä½¿ç”¨çš„æ³¢ç‰¹ç‡ä¸º115200ï¼Œä¸ºæ— çº¿è½¬ä¸²å£æ¨¡å—çš„é»˜è®¤æ³¢ç‰¹ç‡ï¼Œå¦‚éœ€å…¶ä»–æ³¢
             -ç‰¹ç‡è¯·è‡ªè¡Œé…ç½®æ¨¡å—å¹¶ä¿®æ”¹ä¸²å£çš„æ³¢ç‰¹ç‡
   63   1      
   64   1              uart_init(WIRELESS_UART, WIRELESS_UART_RX_PIN, WIRELESS_UART_TX_PIN, WIRELESS_UART_BAUD, WIRELESS_TIMER_
             -N);        //åˆå§‹åŒ–ä¸²å£    
   65   1          
   66   1      }
   67          
   68          //-------------------------------------------------------------------------------------------------------
             -------------
   69          //  @brief      æ— çº¿è½¬ä¸²å£æ¨¡å— å‘é€å‡½æ•°
   70          //  @param      buff        éœ€è¦å‘é€çš„æ•°æ®åœ°å€
   71          //  @param      len         å‘é€é•¿åº¦
   72          //  @return     uint32      å‰©ä½™æœªå‘é€çš„å­—èŠ‚æ•°   
   73          //  @since      v1.0
   74          //  Sample usage:       
   75          //  @note       
   76          //-------------------------------------------------------------------------------------------------------
             -------------
   77          uint32 seekfree_wireless_send_buff(uint8 *buff, uint16 len)
   78          {
   79   1          while(len>30)
   80   1          {
   81   2              if(RTS_PIN == 1)  
   82   2              {
   83   3                  return len;//æ¨¡å—å¿™,å¦‚æœå…è®¸å½“å‰ç¨‹åºä½¿ç”¨whileç­‰å¾… åˆ™å¯ä»¥ä½¿ç”¨åé¢æ³¨é‡Šç
             -š„whileç­‰å¾…è¯­å¥æ›¿æ¢æœ¬ifè¯­å¥
   84   3              }
   85   2              //while(RTS_PIN);  //å¦‚æœRTSä¸ºä½ç”µå¹³ï¼Œåˆ™ç»§ç»­å‘é€æ•°æ®
   86   2              uart_putbuff(WIRELESS_UART,buff,30);
   87   2      
   88   2              buff += 30; //åœ°å€åç§»
   89   2              len -= 30;//æ•°é‡
   90   2          }
   91   1          
   92   1          if(RTS_PIN == 1)  
   93   1          {
   94   2              return len;//æ¨¡å—å¿™,å¦‚æœå…è®¸å½“å‰ç¨‹åºä½¿ç”¨whileç­‰å¾… åˆ™å¯ä»¥ä½¿ç”¨åé¢æ³¨é‡Šçš„wh
             -ileç­‰å¾…è¯­å¥æ›¿æ¢æœ¬ifè¯­å¥
   95   2          }
   96   1          //while(RTS_PIN);  //å¦‚æœRTSä¸ºä½ç”µå¹³ï¼Œåˆ™ç»§ç»­å‘é€æ•°æ®
   97   1          uart_putbuff(WIRELESS_UART,buff,len);//å‘é€æœ€åçš„æ•°æ®
   98   1          
   99   1          return 0;
  100   1      }


Module Information          Static   Overlayable
------------------------------------------------
  code size            =       135     ------
  ecode size           =    ------     ------
  data size            =    ------     ------
  idata size           =    ------     ------
  pdata size           =    ------     ------
  xdata size           =    ------     ------
  xdata-const size     =    ------     ------
C251 COMPILER V5.60.0,  SEEKFREE_WIRELESS                                                  14/03/22  14:44:40  PAGE 3   

  edata size           =    ------          2
  bit size             =    ------     ------
  ebit size            =    ------     ------
  bitaddressable size  =    ------     ------
  ebitaddressable size =    ------     ------
  far data size        =    ------     ------
  huge data size       =    ------     ------
  const size           =    ------     ------
  hconst size          =    ------     ------
End of Module Information.


C251 COMPILATION COMPLETE.  0 WARNING(S),  0 ERROR(S)
