C251 COMPILER V5.60.0,  SEEKFREE_PRINTF                                                    14/03/22  14:44:41  PAGE 1   


C251 COMPILER V5.60.0, COMPILATION OF MODULE SEEKFREE_PRINTF
OBJECT MODULE PLACED IN .\Output\SEEKFREE_PRINTF.obj
COMPILER INVOKED BY: C:\Keil_v5\C251\BIN\C251.EXE Lib\libraries\SEEKFREE_PRINTF.c XSMALL INTR2 WARNINGLEVEL(3) BROWSE IN
                    -CDIR(.\Code;.\Lib\libraries;.\Lib\seekfree_libraries;.\Lib\seekfree_peripheral;.\User) DEFINE(USE_8701E) DEBUG PRINT(.\O
                    -utput\SEEKFREE_PRINTF.lst) OBJECT(.\Output\SEEKFREE_PRINTF.obj) 

stmt  level    source

    1          /********************************************************************************************************
             -*************
    2           * COPYRIGHT NOTICE
    3           * Copyright (c) 2018,é€é£ç§‘æŠ€
    4           * All rights reserved.
    5           * æŠ€æœ¯è®¨è®ºQQç¾¤ï¼šä¸€ç¾¤ï¼š179029047(å·²æ»¡)  äºŒç¾¤ï¼š244861897(å·²æ»¡)  ä¸‰ç¾¤ï¼š824575535 
    6           * 
    7           * ä»¥ä¸‹æ‰€æœ‰å†…å®¹ç‰ˆæƒå‡å±é€é£ç§‘æŠ€æ‰€æœ‰ï¼Œæœªç»å…è®¸ä¸å¾—ç”¨äºå•†ä¸šç”¨é€”ï¼Œ
    8           * æ¬¢è¿å„ä½ä½¿ç”¨å¹¶ä¼ æ’­æœ¬ç¨‹åºï¼Œä¿®æ”¹å†…å®¹æ—¶å¿…é¡»ä¿ç•™é€é£ç§‘æŠ€çš„ç‰ˆæƒå£°æ˜ã€‚
    9           *
   10           * @file                printf
   11           * @company                     æˆéƒ½é€é£ç§‘æŠ€æœ‰é™å…¬å¸
   12           * @author              é€é£ç§‘æŠ€(QQ3184284598)
   13           * @version             æŸ¥çœ‹docå†…versionæ–‡ä»¶ ç‰ˆæœ¬è¯´æ˜
   14           * @Software            MDK FOR C251 V5.60
   15           * @Target core         STC16F40K128
   16           * @Taobao              https://seekfree.taobao.com/
   17           * @date                2019-04-30
   18           ********************************************************************************************************
             -************/
   19          
   20          
   21          #include <stdarg.h>
   22          #include <string.h>
   23          
   24          #include "SEEKFREE_PRINTF.h"
   25          
   26          
   27          uint8 number_conversion_ascii(uint32 dat, int8 *p, uint8 neg_type, uint8 radix)
   28          {
   29   1          int32   neg_dat;
   30   1          uint32  pos_dat;
   31   1          uint8   temp_data = 0;
   32   1          uint8   valid_num = 0;
   33   1          
   34   1          if(neg_type)
   35   1          {
   36   2              neg_dat = (int32)dat;
   37   2              if(neg_dat<0)   neg_dat = -neg_dat;
   38   2              while(1)
   39   2              {
   40   3                  *p = neg_dat%radix + '0';
   41   3                  neg_dat = neg_dat/radix;
   42   3                  valid_num++;
   43   3                  
   44   3                  if(!neg_dat) break;
   45   3                  p++;
   46   3              }
   47   2          }
   48   1          else
   49   1          {
   50   2              pos_dat = dat;
   51   2              while(1)
   52   2              {
   53   3                  temp_data = pos_dat%radix;
   54   3                  if(10 <= temp_data) temp_data += 'A'-10;
   55   3                  else                temp_data += '0';
C251 COMPILER V5.60.0,  SEEKFREE_PRINTF                                                    14/03/22  14:44:41  PAGE 2   

   56   3                  
   57   3                  *p = temp_data;
   58   3                  
   59   3                  pos_dat = pos_dat/radix;
   60   3                  valid_num++;
   61   3                  
   62   3                  if(!pos_dat) break;
   63   3                  p++;
   64   3              }
   65   2          }
   66   1          return valid_num;
   67   1      }
   68          
   69          void printf_reverse_order(int8 *d_buff, uint32 len)
   70          {
   71   1          uint32 i;
   72   1          int8  temp_data;
   73   1          for(i=0;i<len/2;i++)
   74   1          {
   75   2              temp_data = d_buff[len-1-i];
   76   2              d_buff[len-1-i] = d_buff[i];
   77   2              d_buff[i] = temp_data; 
   78   2          }
   79   1      }
   80          
   81          
   82          //void printf(const int8 *format, ...)
   83          //{
   84          //#if(PRINTF)     //å¦‚æœå®å®šä¹‰PRINTFä¸º0 åˆ™ä¸ç¼–è¯‘printfå‡½æ•°å†…å®¹ï¼Œè°ƒç”¨printfæ²¡æœ‰ä»»ä½•æ“
             -ä½œ
   85          //    va_list arg;
   86          //      va_start(arg, format);
   87          //    
   88          //      while (*format)
   89          //      {
   90          //              int8 ret = *format;
   91          //              if (ret == '%')
   92          //              {
   93          //                      switch (*++format)
   94          //                      {
   95          //                case 'a':// åå…­è¿›åˆ¶pè®¡æ•°æ³•è¾“å‡ºæµ®ç‚¹æ•° æš‚æœªå®ç°
   96          //                {
   97          //                    
   98          //                    
   99          //                }break;
  100          //                
  101          //                
  102          //                case 'c':// ä¸€ä¸ªå­—ç¬¦
  103          //                {
  104          //                    int8 ch = (int8)va_arg(arg, uint32);
  105          //                    uart_putchar(DEBUG_UART, (int8)ch);
  106          //                            
  107          //                }break;
  108          //                
  109          //                
  110          //                case 'd':
  111          //                case 'i':// æœ‰ç¬¦å·åè¿›åˆ¶æ•´æ•°
  112          //                {
  113          //                    int8 vstr[33];
  114          //                    int32 ival = (int32)va_arg(arg, int32);
  115          //                    uint8 vlen = number_conversion_ascii((uint32)ival, vstr, 1, 10);
  116          //                    if(ival<0)  uart_putchar(DEBUG_UART, '-');
  117          //                    printf_reverse_order(vstr,vlen);
  118          //                    uart_putbuff(DEBUG_UART, (uint8 *)vstr,vlen);
  119          //                }break;
  120          //                
C251 COMPILER V5.60.0,  SEEKFREE_PRINTF                                                    14/03/22  14:44:41  PAGE 3   

  121          //                case 'f':// æµ®ç‚¹æ•°ï¼Œè¾“å‡ºå°æ•°ç‚¹åå…­ä½  ä¸èƒ½æŒ‡å®šè¾“å‡ºç²¾åº¦
  122          //                case 'F':// æµ®ç‚¹æ•°ï¼Œè¾“å‡ºå°æ•°ç‚¹åå…­ä½  ä¸èƒ½æŒ‡å®šè¾“å‡ºç²¾åº¦
  123          //                {
  124          //                    int8 vstr[33];
  125          //                    double ival = (double)va_arg(arg, double);
  126          //                    uint8 vlen = number_conversion_ascii((uint32)(int32)ival, vstr, 1, 10);
  127          //                    if(ival<0)  uart_putchar(DEBUG_UART, '-');
  128          //                    printf_reverse_order(vstr,vlen);
  129          //                    uart_putbuff(DEBUG_UART, (uint8 *)vstr,vlen);
  130          //                    uart_putchar(DEBUG_UART, '.');
  131          
  132          //                    ival = ((double)ival - (int32)ival)*1000000;
  133          //                    vlen = number_conversion_ascii((uint32)(int32)ival, vstr, 1, 10);
  134          //                                    while(6>vlen)
  135          //                    {
  136          //                        vstr[vlen] = '0';
  137          //                        vlen++;
  138          //                    }
  139          //                    printf_reverse_order(vstr,vlen);
  140          //                    uart_putbuff(DEBUG_UART, (uint8 *)vstr,vlen);
  141          //                    break;
  142          //                }
  143          //                
  144          //                case 'u':// æ— ç¬¦å·åè¿›åˆ¶æ•´æ•°
  145          //                {
  146          //                    int8 vstr[33];
  147          //                    uint32 ival = (uint32)va_arg(arg, uint32);
  148          //                    uint8 vlen = number_conversion_ascii(ival, vstr, 0, 10);
  149          //                    printf_reverse_order(vstr,vlen);
  150          //                    uart_putbuff(DEBUG_UART, (uint8 *)vstr,vlen);
  151          //                }break;
  152          //                
  153          //                case 'o':// æ— ç¬¦å·å…«è¿›åˆ¶æ•´æ•° 
  154          //                {
  155          //                    int8 vstr[33];
  156          //                    uint32 ival = (uint32)va_arg(arg, uint32);
  157          //                    uint8 vlen = number_conversion_ascii(ival, vstr, 0, 8);
  158          //                    printf_reverse_order(vstr,vlen);
  159          //                    uart_putbuff(DEBUG_UART, (uint8 *)vstr,vlen);
  160          //                    
  161          //                }break;
  162          //                
  163          //                case 'x':// æ— ç¬¦å·åå…­è¿›åˆ¶æ•´æ•°
  164          //                case 'X':// æ— ç¬¦å·åå…­è¿›åˆ¶æ•´æ•°
  165          //                {
  166          //                    int8 vstr[33];
  167          //                    uint32 ival = (uint32)va_arg(arg, uint32);
  168          //                    uint8 vlen = number_conversion_ascii(ival, vstr, 0, 16);
  169          //                    printf_reverse_order(vstr,vlen);
  170          //                    uart_putbuff(DEBUG_UART, (uint8 *)vstr,vlen);
  171          //                }break;
  172          //                
  173          //                
  174          //                case 's':// å­—ç¬¦ä¸²
  175          //                {
  176          //                    int8 *pc = va_arg(arg, int8 *);
  177          //                    while (*pc)
  178          //                    {
  179          //                        uart_putchar(DEBUG_UART, (int8)(*pc));
  180          //                        pc++;
  181          //                    }
  182          //                }break;
  183          //                
  184          //                case 'p':// ä»¥16è¿›åˆ¶å½¢å¼è¾“å‡ºæŒ‡é’ˆ
  185          //                {
  186          //                    int8 vstr[33];
C251 COMPILER V5.60.0,  SEEKFREE_PRINTF                                                    14/03/22  14:44:41  PAGE 4   

  187          //                    uint32 ival = (uint32)va_arg(arg, uint32);
  188          //                    uint8 vlen = number_conversion_ascii(ival, vstr, 0, 16);
  189          //                    printf_reverse_order(vstr,8);
  190          //                    uart_putbuff(DEBUG_UART, (uint8 *)vstr,8);
  191          //                            
  192          //                }break;
  193          //                
  194          //                
  195          //                case '%':// è¾“å‡ºå­—ç¬¦% 
  196          //                {
  197          //                    uart_putchar(DEBUG_UART, '%');
  198          //                }break;
  199          
  200          //                default:break;
  201          //                      }
  202          //              }
  203          //              else
  204          //              {
  205          //                      uart_putchar(DEBUG_UART, (int8)(*format));
  206          //              }
  207          //              format++;
  208          //      }
  209          //      va_end(arg);
  210          //#endif
  211          //}
  212          
  213          
  214          uint32 zf_sprintf(int8 *buff, const int8 *format, ...)
  215          {
  216   1          uint32 buff_len=0;
  217   1          va_list arg;
  218   1              va_start(arg, format);
  219   1       
  220   1              while (*format)
  221   1              {
  222   2                      int8 ret = *format;
  223   2                      if (ret == '%')
  224   2                      {
  225   3                              switch (*++format)
  226   3                              {
  227   4                      case 'a':// åå…­è¿›åˆ¶pè®¡æ•°æ³•è¾“å‡ºæµ®ç‚¹æ•° æš‚æœªå®ç°
  228   4                      {
  229   5                          
  230   5                          
  231   5                      }break;
  232   4                      
  233   4                      
  234   4                      case 'c':// ä¸€ä¸ªå­—ç¬¦
  235   4                      {
  236   5                          int8 ch = (int8)va_arg(arg, uint32);
  237   5                          *buff = ch;
  238   5                          buff++;
  239   5                          buff_len++;
  240   5                                  
  241   5                      }break;
  242   4                      
  243   4                      
  244   4                      case 'd':
  245   4                      case 'i':// æœ‰ç¬¦å·åè¿›åˆ¶æ•´æ•°
  246   4                      {
  247   5                          int8 vstr[33];
  248   5                          int32 ival = (int32)va_arg(arg, int32);
  249   5                          uint8 vlen = number_conversion_ascii((uint32)ival, vstr, 1, 10);
  250   5                          
  251   5                          if(ival<0)  
  252   5                          {
C251 COMPILER V5.60.0,  SEEKFREE_PRINTF                                                    14/03/22  14:44:41  PAGE 5   

  253   6                              vstr[vlen] = '-';
  254   6                              vlen++;
  255   6                          }
  256   5                          printf_reverse_order(vstr,vlen);
  257   5                          memcpy(buff,vstr,vlen);
  258   5                          buff += vlen;
  259   5                          buff_len += vlen;
  260   5                          
  261   5                          
  262   5                      }break;
  263   4                      
  264   4                      case 'f':// æµ®ç‚¹æ•°ï¼Œè¾“å‡ºå°æ•°ç‚¹åå…­ä½  ä¸èƒ½æŒ‡å®šè¾“å‡ºç²¾åº¦
  265   4                      case 'F':// æµ®ç‚¹æ•°ï¼Œè¾“å‡ºå°æ•°ç‚¹åå…­ä½  ä¸èƒ½æŒ‡å®šè¾“å‡ºç²¾åº¦
  266   4                      {
  267   5                          int8 vstr[33];
  268   5                          double ival = (double)va_arg(arg, double);
  269   5                          uint8 vlen = number_conversion_ascii((uint32)(int32)ival, vstr, 1, 10);
  270   5                          
  271   5                          if(ival<0)  
  272   5                          {
  273   6                              vstr[vlen] = '-';
  274   6                              vlen++;
  275   6                          }
  276   5                          printf_reverse_order(vstr,vlen);
  277   5                          memcpy(buff,vstr,vlen);
  278   5                          buff += vlen;
  279   5                          buff_len += vlen;
  280   5      
  281   5                          ival = ((double)ival - (int32)ival)*1000000;
  282   5                          if(ival)
  283   5                          {
  284   6                              vlen = number_conversion_ascii((uint32)(int32)ival, vstr, 1, 10);
  285   6                          }
  286   5                          else
  287   5                          {
  288   6                              vstr[0] = vstr[1] = vstr[2] = vstr[3] = vstr[4] = vstr[5] = '0';
  289   6                              vlen = 6;
  290   6                          }
  291   5                                              
  292   5                          while(6>vlen)
  293   5                          {
  294   6                              vstr[vlen] = '0';
  295   6                              vlen++;
  296   6                          }
  297   5                                              
  298   5                          vstr[vlen] = '.';
  299   5                          vlen++;
  300   5                          
  301   5                          printf_reverse_order(vstr,vlen);
  302   5                          memcpy(buff,vstr,vlen);
  303   5                          buff_len += vlen;
  304   5      
  305   5                          break;
  306   5                      }
  307   4                      
  308   4                      case 'u':// æ— ç¬¦å·åè¿›åˆ¶æ•´æ•°
  309   4                      {
  310   5                          int8 vstr[33];
  311   5                          uint32 ival = (uint32)va_arg(arg, uint32);
  312   5                          uint8 vlen = number_conversion_ascii(ival, vstr, 0, 10);
  313   5                          
  314   5                          printf_reverse_order(vstr,vlen);
  315   5                          memcpy(buff,vstr,vlen);
  316   5                          buff += vlen;
  317   5                          buff_len += vlen;
  318   5                      }break;
C251 COMPILER V5.60.0,  SEEKFREE_PRINTF                                                    14/03/22  14:44:41  PAGE 6   

  319   4                      
  320   4                      case 'o':// æ— ç¬¦å·å…«è¿›åˆ¶æ•´æ•° 
  321   4                      {
  322   5                          int8 vstr[33];
  323   5                          uint32 ival = (uint32)va_arg(arg, uint32);
  324   5                          uint8 vlen = number_conversion_ascii(ival, vstr, 0, 8);
  325   5                          
  326   5                          printf_reverse_order(vstr,vlen);
  327   5                          memcpy(buff,vstr,vlen);
  328   5                          buff += vlen;
  329   5                          buff_len += vlen;
  330   5                          
  331   5                      }break;
  332   4                      
  333   4                      case 'x':// æ— ç¬¦å·åå…­è¿›åˆ¶æ•´æ•°
  334   4                      case 'X':// æ— ç¬¦å·åå…­è¿›åˆ¶æ•´æ•°
  335   4                      {
  336   5                          int8 vstr[33];
  337   5                          uint32 ival = (uint32)va_arg(arg, uint32);
  338   5                          uint8 vlen = number_conversion_ascii(ival, vstr, 0, 16);
  339   5                          
  340   5                          printf_reverse_order(vstr,vlen);
  341   5                          memcpy(buff,vstr,vlen);
  342   5                          buff += vlen;
  343   5                          buff_len += vlen;
  344   5                      }break;
  345   4                      
  346   4                      
  347   4                      case 's':// å­—ç¬¦ä¸²
  348   4                      {
  349   5                          int8 *pc = va_arg(arg, int8 *);
  350   5                          while (*pc)
  351   5                          {
  352   6                              *buff = *pc;
  353   6                              buff++;
  354   6                              buff_len++;
  355   6                              pc++;
  356   6                          }
  357   5                      }break;
  358   4                      
  359   4                      case 'p':// ä»¥16è¿›åˆ¶å½¢å¼è¾“å‡ºæŒ‡é’ˆ
  360   4                      {
  361   5                          int8 vstr[33];
  362   5                          uint32 ival = (uint32)va_arg(arg, uint32);
  363   5                          //uint8 vlen = number_conversion_ascii(ival, vstr, 0, 16);
  364   5                                              number_conversion_ascii(ival, vstr, 0, 16);
  365   5                          
  366   5                          printf_reverse_order(vstr,8);
  367   5                          memcpy(buff,vstr,8);
  368   5                          buff += 8;
  369   5                          buff_len += 8;
  370   5                                  
  371   5                      }break;
  372   4                      
  373   4                      
  374   4                      case '%':// è¾“å‡ºå­—ç¬¦% 
  375   4                      {
  376   5                          *buff = '%';
  377   5                          buff++;
  378   5                          buff_len++;
  379   5                      }break;
  380   4      
  381   4                      default:break;
  382   4                              }
  383   3                      }
  384   2                      else
C251 COMPILER V5.60.0,  SEEKFREE_PRINTF                                                    14/03/22  14:44:41  PAGE 7   

  385   2                      {
  386   3                  *buff = (int8)(*format);
  387   3                  buff++;
  388   3                  buff_len++;
  389   3                      }
  390   2                      format++;
  391   2              }
  392   1              va_end(arg);
  393   1      
  394   1          return buff_len;
  395   1      }


Module Information          Static   Overlayable
------------------------------------------------
  code size            =      1482     ------
  ecode size           =    ------     ------
  data size            =    ------     ------
  idata size           =    ------     ------
  pdata size           =    ------     ------
  xdata size           =    ------     ------
  xdata-const size     =    ------     ------
  edata size           =    ------         96
  bit size             =    ------     ------
  ebit size            =    ------     ------
  bitaddressable size  =    ------     ------
  ebitaddressable size =    ------     ------
  far data size        =    ------     ------
  huge data size       =    ------     ------
  const size           =    ------     ------
  hconst size          =    ------     ------
End of Module Information.


C251 COMPILATION COMPLETE.  0 WARNING(S),  0 ERROR(S)
