C251 COMPILER V5.60.0,  zf_gpio                                                            14/03/22  14:44:38  PAGE 1   


C251 COMPILER V5.60.0, COMPILATION OF MODULE zf_gpio
OBJECT MODULE PLACED IN .\Output\zf_gpio.obj
COMPILER INVOKED BY: C:\Keil_v5\C251\BIN\C251.EXE Lib\seekfree_libraries\zf_gpio.c XSMALL INTR2 WARNINGLEVEL(3) BROWSE I
                    -NCDIR(.\Code;.\Lib\libraries;.\Lib\seekfree_libraries;.\Lib\seekfree_peripheral;.\User) DEFINE(USE_8701E) DEBUG PRINT(.\
                    -Output\zf_gpio.lst) OBJECT(.\Output\zf_gpio.obj) 

stmt  level    source

    1          /********************************************************************************************************
             -*************
    2           * COPYRIGHT NOTICE
    3           * Copyright (c) 2020,é€é£žç§‘æŠ€
    4           * All rights reserved.
    5           * æŠ€æœ¯è®¨è®ºQQç¾¤ï¼šä¸€ç¾¤ï¼š179029047(å·²æ»¡)  äºŒç¾¤ï¼š244861897(å·²æ»¡)  ä¸‰ç¾¤ï¼š824575535
    6           *
    7           * ä»¥ä¸‹æ‰€æœ‰å†…å®¹ç‰ˆæƒå‡å±žé€é£žç§‘æŠ€æ‰€æœ‰ï¼Œæœªç»å…è®¸ä¸å¾—ç”¨äºŽå•†ä¸šç”¨é€”ï¼Œ
    8           * æ¬¢è¿Žå„ä½ä½¿ç”¨å¹¶ä¼ æ’­æœ¬ç¨‹åºï¼Œä¿®æ”¹å†…å®¹æ—¶å¿…é¡»ä¿ç•™é€é£žç§‘æŠ€çš„ç‰ˆæƒå£°æ˜Žã€‚
    9           *
   10           * @file                gpio
   11           * @company                     æˆéƒ½é€é£žç§‘æŠ€æœ‰é™å…¬å¸
   12           * @author              é€é£žç§‘æŠ€(QQ790875685)
   13           * @version             æŸ¥çœ‹docå†…versionæ–‡ä»¶ ç‰ˆæœ¬è¯´æ˜Ž
   14           * @Software            MDK FOR C251 V5.60
   15           * @Target core         STC16F40K128
   16           * @Taobao              https://seekfree.taobao.com/
   17           * @date                2020-4-14
   18           ********************************************************************************************************
             -************/
   19          
   20          
   21          #include "zf_gpio.h"
   22          
   23          
   24          #define PxPU_BASE_ADDR  0x7EFE10 
   25          
   26          //-------------------------------------------------------------------------------------------------------
             -------------
   27          //  @brief      GPIOè®¾ç½®å¼•è„šä¸Šæ‹‰ç”µé˜»è®¾ç½®
   28          //  @param      pin         é€‰æ‹©å¼•è„šï¼ˆP0_0-P7_7ï¼‰
   29          //  @param      pull        è®¾ç½®ä¸Šä¸‹æ‹‰ç”µé˜» NOPULL:ä¸è®¾ç½® PULLUP:ä¸Šæ‹‰
   30          //  @return     void
   31          //  Sample usage:           gpio_pull_set(P0_0,NOPULL);       // è®¾ç½®P0.0å¼•è„šæ²¡æœ‰ä¸Šä¸‹æ‹‰ç”µé˜»
   32          //-------------------------------------------------------------------------------------------------------
             -------------
   33          void gpio_pull_set(PIN_enum pin, PULL_enum pull)
   34          {
   35   1              if(PULLUP == pull)
   36   1              {
   37   2                      (*(unsigned char volatile far *)(PxPU_BASE_ADDR + (pin >> 4))) |= (1<<(pin&0x0F));
   38   2              }
   39   1              else if(NOPULL == pull)
   40   1              {
   41   2                      (*(unsigned char volatile far *)(PxPU_BASE_ADDR + (pin >> 4))) &= ~(1<<(pin&0x0F));
   42   2              }
   43   1      }
   44          
   45          
   46          
   47          //-------------------------------------------------------------------------------------------------------
             -------------
   48          //  @brief      GPIOè®¾ç½®å¼•è„šæ¨¡å¼
   49          //  @param      pin         é€‰æ‹©å¼•è„šï¼ˆP0_0-P5_4ï¼‰
   50          //  @param      mode        å¼•è„šæ¨¡å¼ GPIO:å‡†åŒå‘å£, GPO_PP:æŽ¨æŒ½è¾“å‡º, GPI_IMPEDANCE:é«˜é˜»è¾“å
             -…¥, GPI_OD:å¼€æ¼è¾“å‡º
   51          //  @return     void
C251 COMPILER V5.60.0,  zf_gpio                                                            14/03/22  14:44:38  PAGE 2   

   52          //  Sample usage:           gpio_mode(P0_0,GPIO);       // è®¾ç½®P0.0è®¾ç½®ä¸ºåŒå‘IO
   53          //-------------------------------------------------------------------------------------------------------
             -------------
   54          void gpio_mode(PIN_enum pin, GPIOMODE_enum mode)
   55          {
   56   1              if(GPIO == mode)
   57   1              {
   58   2                      if(0x00 == (pin&0xF0))  //P0
   59   2                      {
   60   3                              P0M1 &= ~(1<<(pin&0xF));
   61   3                              P0M0 &= ~(1<<(pin&0xF));
   62   3                      }
   63   2                      if(0x10 == (pin&0xF0))  //P1
   64   2                      {
   65   3                              P1M1 &= ~(1<<(pin&0xF));
   66   3                              P1M0 &= ~(1<<(pin&0xF));
   67   3                      }
   68   2                      if(0x20 == (pin&0xF0))  //P2
   69   2                      {
   70   3                              P2M1 &= ~(1<<(pin&0xF));
   71   3                              P2M0 &= ~(1<<(pin&0xF));
   72   3                      }
   73   2                      
   74   2                      if(0x30 == (pin&0xF0))  //P3
   75   2                      {
   76   3                              P3M1 &= ~(1<<(pin&0xF));
   77   3                              P3M0 &= ~(1<<(pin&0xF));
   78   3                      }
   79   2                      if(0x40 == (pin&0xF0))  //P4
   80   2                      {
   81   3                              P4M1 &= ~(1<<(pin&0xF));
   82   3                              P4M0 &= ~(1<<(pin&0xF));
   83   3                      }
   84   2                      if(0x50 == (pin&0xF0))  //P5
   85   2                      {
   86   3                              P5M1 &= ~(1<<(pin&0xF));
   87   3                              P5M0 &= ~(1<<(pin&0xF));
   88   3                      }
   89   2                      if(0x60 == (pin&0xF0))  //P5
   90   2                      {
   91   3                              P6M1 &= ~(1<<(pin&0xF));
   92   3                              P6M0 &= ~(1<<(pin&0xF));
   93   3                      }
   94   2                      if(0x70 == (pin&0xF0))  //P5
   95   2                      {
   96   3                              P7M1 &= ~(1<<(pin&0xF));
   97   3                              P7M0 &= ~(1<<(pin&0xF));
   98   3                      }
   99   2              }
  100   1              else if(GPO_PP == mode)
  101   1              {
  102   2                      if(0x00 == (pin&0xF0))  //P0
  103   2                      {
  104   3                              P0M1 &= ~(1<<(pin&0xF));
  105   3                              P0M0 |=  (1<<(pin&0xF));
  106   3                      }
  107   2                      if(0x10 == (pin&0xF0))  //P1
  108   2                      {
  109   3                              P1M1 &= ~(1<<(pin&0xF));
  110   3                              P1M0 |=  (1<<(pin&0xF));
  111   3                      }
  112   2                      if(0x20 == (pin&0xF0))  //P2
  113   2                      {
  114   3                              P2M1 &= ~(1<<(pin&0xF));
  115   3                              P2M0 |=  (1<<(pin&0xF));
  116   3                      }
C251 COMPILER V5.60.0,  zf_gpio                                                            14/03/22  14:44:38  PAGE 3   

  117   2                      
  118   2                      if(0x30 == (pin&0xF0))  //P3
  119   2                      {
  120   3                              P3M1 &= ~(1<<(pin&0xF));
  121   3                              P3M0 |=  (1<<(pin&0xF));
  122   3                      }
  123   2                      if(0x40 == (pin&0xF0))  //P4
  124   2                      {
  125   3                              P4M1 &= ~(1<<(pin&0xF));
  126   3                              P4M0 |=  (1<<(pin&0xF));
  127   3                      }
  128   2                      if(0x50 == (pin&0xF0))  //P5
  129   2                      {
  130   3                              P5M1 &= ~(1<<(pin&0xF));
  131   3                              P5M0 |=  (1<<(pin&0xF));
  132   3                      }
  133   2                      if(0x60 == (pin&0xF0))  //P4
  134   2                      {
  135   3                              P6M1 &= ~(1<<(pin&0xF));
  136   3                              P6M0 |=  (1<<(pin&0xF));
  137   3                      }
  138   2                      if(0x70 == (pin&0xF0))  //P5
  139   2                      {
  140   3                              P7M1 &= ~(1<<(pin&0xF));
  141   3                              P7M0 |=  (1<<(pin&0xF));
  142   3                      }
  143   2                      
  144   2              }
  145   1              else if(GPI_IMPEDANCE == mode)
  146   1              {
  147   2                      if(0x00 == (pin&0xF0))  //P0
  148   2                      {
  149   3                              P0M1 |=  (1<<(pin&0xF));
  150   3                              P0M0 &= ~(1<<(pin&0xF));
  151   3                      }
  152   2                      if(0x10 == (pin&0xF0))  //P1
  153   2                      {
  154   3                              P1M1 |=  (1<<(pin&0xF));
  155   3                              P1M0 &= ~(1<<(pin&0xF));
  156   3                      }
  157   2                      if(0x20 == (pin&0xF0))  //P2
  158   2                      {
  159   3                              P2M1 |=  (1<<(pin&0xF));
  160   3                              P2M0 &= ~(1<<(pin&0xF));
  161   3                      }
  162   2                      
  163   2                      if(0x30 == (pin&0xF0))  //P3
  164   2                      {
  165   3                              P3M1 |=  (1<<(pin&0xF));
  166   3                              P3M0 &= ~(1<<(pin&0xF));
  167   3                      }
  168   2                      if(0x40 == (pin&0xF0))  //P4
  169   2                      {
  170   3                              P4M1 |=  (1<<(pin&0xF));
  171   3                              P4M0 &= ~(1<<(pin&0xF));
  172   3                      }
  173   2                      if(0x50 == (pin&0xF0))  //P5
  174   2                      {
  175   3                              P5M1 |=  (1<<(pin&0xF));
  176   3                              P5M0 &= ~(1<<(pin&0xF));
  177   3                      }
  178   2                      if(0x60 == (pin&0xF0))  //P5
  179   2                      {
  180   3                              P6M1 |=  (1<<(pin&0xF));
  181   3                              P6M0 &= ~(1<<(pin&0xF));
  182   3                      }
C251 COMPILER V5.60.0,  zf_gpio                                                            14/03/22  14:44:38  PAGE 4   

  183   2                      if(0x70 == (pin&0xF0))  //P5
  184   2                      {
  185   3                              P7M1 |=  (1<<(pin&0xF));
  186   3                              P7M0 &= ~(1<<(pin&0xF));
  187   3                      }
  188   2              }
  189   1              else if(GPI_OD == mode)
  190   1              {
  191   2                      if(0x00 == (pin&0xF0))  //P0
  192   2                      {
  193   3                              P0M1 |= (1<<(pin&0xF));
  194   3                              P0M0 |= (1<<(pin&0xF));
  195   3                      }
  196   2                      if(0x10 == (pin&0xF0))  //P1
  197   2                      {
  198   3                              P1M1 |= (1<<(pin&0xF));
  199   3                              P1M0 |= (1<<(pin&0xF));
  200   3                      }
  201   2                      if(0x20 == (pin&0xF0))  //P2
  202   2                      {
  203   3                              P2M1 |= (1<<(pin&0xF));
  204   3                              P2M0 |= (1<<(pin&0xF));
  205   3                      }
  206   2                      
  207   2                      if(0x30 == (pin&0xF0))  //P3
  208   2                      {
  209   3                              P3M1 |= (1<<(pin&0xF));
  210   3                              P3M0 |= (1<<(pin&0xF));
  211   3                      }
  212   2                      if(0x40 == (pin&0xF0))  //P4
  213   2                      {
  214   3                              P4M1 |= (1<<(pin&0xF));
  215   3                              P4M0 |= (1<<(pin&0xF));
  216   3                      }
  217   2                      if(0x50 == (pin&0xF0))  //P5
  218   2                      {
  219   3                              P5M1 |= (1<<(pin&0xF));
  220   3                              P5M0 |= (1<<(pin&0xF));
  221   3                      }
  222   2                      if(0x60 == (pin&0xF0))  //P5
  223   2                      {
  224   3                              P6M1 |= (1<<(pin&0xF));
  225   3                              P6M0 |= (1<<(pin&0xF));
  226   3                      }
  227   2                      if(0x70 == (pin&0xF0))  //P5
  228   2                      {
  229   3                              P7M1 |= (1<<(pin&0xF));
  230   3                              P7M0 |= (1<<(pin&0xF));
  231   3                      }
  232   2              }
  233   1      }
  234          


Module Information          Static   Overlayable
------------------------------------------------
  code size            =      1125     ------
  ecode size           =    ------     ------
  data size            =    ------     ------
  idata size           =    ------     ------
  pdata size           =    ------     ------
  xdata size           =    ------     ------
  xdata-const size     =    ------     ------
  edata size           =    ------     ------
  bit size             =    ------     ------
  ebit size            =    ------     ------
  bitaddressable size  =    ------     ------
C251 COMPILER V5.60.0,  zf_gpio                                                            14/03/22  14:44:38  PAGE 5   

  ebitaddressable size =    ------     ------
  far data size        =    ------     ------
  huge data size       =    ------     ------
  const size           =    ------     ------
  hconst size          =    ------     ------
End of Module Information.


C251 COMPILATION COMPLETE.  0 WARNING(S),  0 ERROR(S)
