C251 COMPILER V5.60.0,  zf_spi                                                             14/03/22  14:44:39  PAGE 1   


C251 COMPILER V5.60.0, COMPILATION OF MODULE zf_spi
OBJECT MODULE PLACED IN .\Output\zf_spi.obj
COMPILER INVOKED BY: C:\Keil_v5\C251\BIN\C251.EXE Lib\seekfree_libraries\zf_spi.c XSMALL INTR2 WARNINGLEVEL(3) BROWSE IN
                    -CDIR(.\Code;.\Lib\libraries;.\Lib\seekfree_libraries;.\Lib\seekfree_peripheral;.\User) DEFINE(USE_8701E) DEBUG PRINT(.\O
                    -utput\zf_spi.lst) OBJECT(.\Output\zf_spi.obj) 

stmt  level    source

    1          /********************************************************************************************************
             -*************
    2           * COPYRIGHT NOTICE
    3           * Copyright (c) 2020,é€é£ç§‘æŠ€
    4           * All rights reserved.
    5           * æŠ€æœ¯è®¨è®ºQQç¾¤ï¼šä¸€ç¾¤ï¼š179029047(å·²æ»¡)  äºŒç¾¤ï¼š244861897(å·²æ»¡)  ä¸‰ç¾¤ï¼š824575535
    6           *
    7           * ä»¥ä¸‹æ‰€æœ‰å†…å®¹ç‰ˆæƒå‡å±é€é£ç§‘æŠ€æ‰€æœ‰ï¼Œæœªç»å…è®¸ä¸å¾—ç”¨äºå•†ä¸šç”¨é€”ï¼Œ
    8           * æ¬¢è¿å„ä½ä½¿ç”¨å¹¶ä¼ æ’­æœ¬ç¨‹åºï¼Œä¿®æ”¹å†…å®¹æ—¶å¿…é¡»ä¿ç•™é€é£ç§‘æŠ€çš„ç‰ˆæƒå£°æ˜ã€‚
    9           *
   10           * @file                spi
   11           * @company                     æˆéƒ½é€é£ç§‘æŠ€æœ‰é™å…¬å¸
   12           * @author              é€é£ç§‘æŠ€(QQ790875685)
   13           * @version             æŸ¥çœ‹docå†…versionæ–‡ä»¶ ç‰ˆæœ¬è¯´æ˜
   14           * @Software            MDK FOR C251 V5.60
   15           * @Target core         STC16F40K128
   16           * @Taobao              https://seekfree.taobao.com/
   17           * @date                2020-4-14
   18           ********************************************************************************************************
             -************/
   19          #pragma warning disable = 47
   20          
   21          #include "zf_gpio.h"
   22          #include "zf_spi.h"
   23          
   24          
   25          
   26          //-------------------------------------------------------------------------------------------------------
             -------------
   27          //  @brief      spiåˆå§‹åŒ–å‡½æ•°(sså¼•è„šç”±è½¯ä»¶æ§åˆ¶)
   28          //  @param      spi_n                   é€‰æ‹©SPIæ¨¡å—(SPI_1-SPI_4)
   29          //  @param      sck_pin                 é€‰æ‹©SCKå¼•è„š
   30          //  @param      mosi_pin                é€‰æ‹©MOSIå¼•è„š
   31          //  @param      miso_pin                é€‰æ‹©MISOå¼•è„š
   32          //  @param      mstr                    ä¸»ä»é€‰æ‹©
   33          //  @param      mode            SPIæ¨¡å¼ 0ï¼šCPOL=0 CPHA=0    1ï¼šCPOL=0 CPHA=1   2ï¼šCPOL=1 CPHA=0   3ï
             -¼šCPOL=1 CPHA=1 //å…·ä½“ç»†èŠ‚å¯è‡ªè¡Œç™¾åº¦
   34          //  @param      baud                    é€Ÿç‡é€‰æ‹©
   35          //  @since      v1.0
   36          //  Sample usage:                               spi_init(SPI_1, SPI1_SCLK_P15, SPI1_MOSI_P13, SPI1_MISO_P14, 0, MASTER, SYSclk_DIV_4
             -);        
   37          //                                                              //åˆå§‹åŒ–SPI1,ä¸»æœºæ¨¡å¼,é€Ÿç‡ä¸ºç³»ç»Ÿé¢‘ç‡/4ï¼ŒSCLKå¼•è„šP1.5 MOSIå¼•è„šP1.3 MISOå¼•è„š
             -P1.4,SPIæ¨¡å¼0
   38          //-------------------------------------------------------------------------------------------------------
             -------------
   39          void spi_init(SPIN_enum spi_n,
   40                                    SPI_PIN_enum sck_pin, 
   41                                    SPI_PIN_enum mosi_pin, 
   42                                    SPI_PIN_enum miso_pin, 
   43                                    uint8 mode,
   44                                    SPI_MSTR_enum mstr,
   45                                    SPI_BAUD_enum baud)
   46          {
   47   1              switch(spi_n)
   48   1          {
   49   2              //IOå£éœ€è¦é…ç½®ä¸ºï¼šå‡†åŒå‘å£ï¼ˆä¼ ç»Ÿ8051ç«¯å£æ¨¡å¼ï¼Œå¼±ä¸Šæ‹‰ï¼‰
   50   2          case SPI_CH1:
C251 COMPILER V5.60.0,  zf_spi                                                             14/03/22  14:44:39  PAGE 2   

   51   2                      gpio_mode(P1_3,GPIO);
   52   2                      gpio_mode(P1_4,GPIO);
   53   2                      gpio_mode(P1_5,GPIO);
   54   2              break;
   55   2          case SPI_CH2:
   56   2                      gpio_mode(P2_3,GPIO);
   57   2                      gpio_mode(P2_4,GPIO);
   58   2                      gpio_mode(P2_5,GPIO);
   59   2              break;
   60   2          case SPI_CH3:
   61   2                      gpio_mode(P4_0,GPIO);
   62   2                      gpio_mode(P4_1,GPIO);
   63   2                      gpio_mode(P4_3,GPIO);
   64   2              break;
   65   2          case SPI_CH4:
   66   2                      gpio_mode(P3_4,GPIO);
   67   2                      gpio_mode(P3_3,GPIO);
   68   2                      gpio_mode(P3_2,GPIO);
   69   2              break;
   70   2          }
   71   1              
   72   1              P_SW1 &= ~(0x03<<2);  //æ¸…é™¤SPIåŠŸèƒ½è„šé€‰æ‹©ä½
   73   1          switch(spi_n)
   74   1          {
   75   2          case SPI_CH1:
   76   2              P_SW1 |= (0x00<<2);
   77   2              break;
   78   2          case SPI_CH2:
   79   2              P_SW1 |= (0x01<<2);
   80   2              break;
   81   2          case SPI_CH3:
   82   2              P_SW1 |= (0x02<<2);
   83   2              break;
   84   2          case SPI_CH4:
   85   2              P_SW1 |= (0x03<<2);
   86   2              break;
   87   2          }
   88   1              
   89   1              SPCTL &= 0xF3;          //æ¸…é™¤SPIææ€§å’Œç›¸ä½
   90   1              switch(mode)
   91   1              {
   92   2              case 0:
   93   2                      
   94   2                      break;
   95   2              case 1:
   96   2                      SPCTL |= 0x01<<2;
   97   2                      break;
   98   2              case 2:
   99   2                      SPCTL |= 0x02<<2;
  100   2                      break;
  101   2              case 3:
  102   2                      SPCTL |= 0x03<<2;
  103   2                      break;
  104   2              }
  105   1                      
  106   1              
  107   1              SPCTL |= baud;          //é€Ÿç‡è®¾å®š
  108   1      
  109   1          if(mstr == MASTER)
  110   1          {
  111   2              SPCTL |= 1<<7;  //å¿½ç•¥SSå¼•è„šåŠŸèƒ½ï¼Œä½¿ç”¨MSTRç¡®å®šå™¨ä»¶æ˜¯ä¸»æœºè¿˜æ˜¯ä»æœº
  112   2              SPCTL |= 1<<4;  //ä¸»æœºæ¨¡å¼
  113   2          }
  114   1          else
  115   1          {
  116   2              //ä¸åšæ“ä½œ
C251 COMPILER V5.60.0,  zf_spi                                                             14/03/22  14:44:39  PAGE 3   

  117   2          }
  118   1          SPCTL |= 1<<6;              //ä½¿èƒ½SPIåŠŸèƒ½
  119   1      }
  120          
  121          
  122          
  123          //-------------------------------------------------------------------------------------------------------
             -------------
  124          //  @brief      SPIå‘é€æ¥æ”¶å‡½æ•°
  125          //  @param      dat             å‘é€çš„æ•°æ®
  126          //  @since      v1.0
  127          //  Sample usage:                               buf_1 = spi_mosi(buf);    //å‘é€bufçš„å†…å®¹ï¼Œå¹¶æ¥æ”¶åˆ°buf_1é‡Œï¼Œé•¿åº¦ä¸º1å­
             -—èŠ‚
  128          //-------------------------------------------------------------------------------------------------------
             -------------
  129          uint8 spi_mosi(uint8 dat)
  130          {
  131   1          SPDAT = dat;                                        //DATAå¯„å­˜å™¨èµ‹å€¼
  132   1          while (!(SPSTAT & 0x80));           //æŸ¥è¯¢å®Œæˆæ ‡å¿—
  133   1          SPSTAT = 0xc0;                  //æ¸…ä¸­æ–­æ ‡å¿—
  134   1              return SPDAT;
  135   1      }
  136          
  137          
  138          //-------------------------------------------------------------------------------------------------------
             -------------
  139          //  @brief      spiå¼•è„šåˆ‡æ¢å‡½æ•°(sså¼•è„šç”±è½¯ä»¶æ§åˆ¶)
  140          //  @param      spi_n                   é€‰æ‹©SPIæ¨¡å—(SPI_1-SPI_4)
  141          //  @param      sck_pin                 é€‰æ‹©SCKå¼•è„š
  142          //  @param      mosi_pin                é€‰æ‹©MOSIå¼•è„š
  143          //  @param      miso_pin                é€‰æ‹©MISOå¼•è„š
  144          //  Sample usage:                               spi_change_pin(SPI_1,SPI1_SCLK_P15, SPI1_MOSI_P13,SPI1_MISO_P14);       
  145          //                                                              //åˆ‡æ¢SPIå¼•è„š
  146          //-------------------------------------------------------------------------------------------------------
             -------------
  147          void spi_change_pin(SPIN_enum spi_n, SPI_PIN_enum sck_pin, SPI_PIN_enum mosi_pin, SPI_PIN_enum miso_pin)
  148          {
  149   1          P_SW1 &= ~(0x03<<2);  //æ¸…é™¤SPIåŠŸèƒ½è„šé€‰æ‹©ä½
  150   1              switch(spi_n)
  151   1          {
  152   2              //IOå£éœ€è¦é…ç½®ä¸ºï¼šå‡†åŒå‘å£ï¼ˆä¼ ç»Ÿ8051ç«¯å£æ¨¡å¼ï¼Œå¼±ä¸Šæ‹‰ï¼‰
  153   2          case SPI_CH1:
  154   2                      gpio_mode(P1_3,GPO_PP);
  155   2                      gpio_mode(P1_4,GPIO);
  156   2                      gpio_mode(P1_5,GPO_PP);
  157   2              break;
  158   2          case SPI_CH2:
  159   2                      gpio_mode(P2_3,GPO_PP);
  160   2                      gpio_mode(P2_4,GPIO);
  161   2                      gpio_mode(P2_5,GPO_PP);
  162   2              break;
  163   2          case SPI_CH3:
  164   2                      gpio_mode(P4_0,GPO_PP);
  165   2                      gpio_mode(P4_1,GPIO);
  166   2                      gpio_mode(P4_3,GPO_PP);
  167   2              break;
  168   2          case SPI_CH4:
  169   2                      gpio_mode(P3_4,GPO_PP);
  170   2                      gpio_mode(P3_3,GPIO);
  171   2                      gpio_mode(P3_2,GPO_PP);
  172   2              break;
  173   2          }
  174   1              
  175   1      
  176   1          switch(spi_n)
  177   1          {
C251 COMPILER V5.60.0,  zf_spi                                                             14/03/22  14:44:39  PAGE 4   

  178   2          case SPI_CH1:
  179   2              P_SW1 |= (0x00<<2);
  180   2              break;
  181   2          case SPI_CH2:
  182   2              P_SW1 |= (0x01<<2);
  183   2              break;
  184   2          case SPI_CH3:
  185   2              P_SW1 |= (0x02<<2);
  186   2              break;
  187   2          case SPI_CH4:
  188   2              P_SW1 |= (0x03<<2);
  189   2              break;
  190   2          }
  191   1      }
  192          
  193          
  194          
  195          //-------------------------------------------------------------------------------------------------------
             -------------
  196          //  @brief      spiæ¨¡å¼åˆ‡æ¢å‡½æ•°
  197          //  @param      mode            SPIæ¨¡å¼ 0ï¼šCPOL=0 CPHA=0    1ï¼šCPOL=0 CPHA=1   2ï¼šCPOL=1 CPHA=0   3ï
             -¼šCPOL=1 CPHA=1 //å…·ä½“ç»†èŠ‚å¯è‡ªè¡Œç™¾åº¦
  198          //  Sample usage:                               
  199          //-------------------------------------------------------------------------------------------------------
             -------------
  200          void spi_change_mode(uint8 mode)
  201          {
  202   1              SPCTL &= 0xF7;          //æ¸…é™¤SPIææ€§å’Œç›¸ä½
  203   1              switch(mode)
  204   1              {
  205   2              case 0:
  206   2                      
  207   2                      break;
  208   2              case 1:
  209   2                      SPCTL |= 0x01<<2;
  210   2                      break;
  211   2              case 2:
  212   2                      SPCTL |= 0x02<<2;
  213   2                      break;
  214   2              case 3:
  215   2                      SPCTL |= 0x03<<2;
  216   2                      break;
  217   2              }
  218   1      }


Module Information          Static   Overlayable
------------------------------------------------
  code size            =       440     ------
  ecode size           =    ------     ------
  data size            =    ------     ------
  idata size           =    ------     ------
  pdata size           =    ------     ------
  xdata size           =    ------     ------
  xdata-const size     =    ------     ------
  edata size           =    ------          4
  bit size             =    ------     ------
  ebit size            =    ------     ------
  bitaddressable size  =    ------     ------
  ebitaddressable size =    ------     ------
  far data size        =    ------     ------
  huge data size       =    ------     ------
  const size           =    ------     ------
  hconst size          =    ------     ------
End of Module Information.


C251 COMPILATION COMPLETE.  0 WARNING(S),  0 ERROR(S)
